********************************************************************************
PACKAGE-LOG: 2015-06-25 10:22:18
NOTICE: Do NOT post to public sites or forums 
********************************************************************************
VERSION:	0.5.22
WORDPRESS:	4.2.2
PHP INFO:	5.5.12 | SAPI: apache2handler
SERVER:		Apache/2.4.9 (Win32) PHP/5.5.12 
PHP TIME LIMIT: (0) no time limit imposed 
PHP MAX MEMORY: 5000M (256M default) 
MEMORY STACK: 35.25MB 

********************************************************************************
DATABASE:
********************************************************************************
BUILD MODE:   PHP (query limit - 100)
MYSQLDUMP:    Not Supported
MYSQLTIMEOUT: 5000 
TABLES: total:26 | filtered:0 | create:26 
FILTERED: [] 
SQL CREATED: 20150625_devsite_558bd63818b6e3852150625102144_database.sql 
SQL FILE SIZE: 832.02KB 
SQL FILE TIME: 2015-06-25 10:22:18 
SQL RUNTIME: 0.42 sec. 

******************************************************************************** 
ARCHIVE (ZIP): 
******************************************************************************** 
ARCHIVE DIR:  C:/wamp/www/jimshipley.dev 
ARCHIVE FILE: 20150625_devsite_558bd63818b6e3852150625102144_archive.zip 
FILTERS: *OFF* 
DIRS:  not set 
EXTS:  not set 
---------------------------------------- 
COMPRESSING 
SIZE:	64.03MB 
STATS:	Dirs 397 | Files 3,476 | Links 0 
SQL ADDED: 20150625_devsite_558bd63818b6e3852150625102144_database.sql 
ZipArchive Object
(
    [status] => 0
    [statusSys] => 0
    [numFiles] => 3873
    [filename] => C:\wamp\www\jimshipley.dev\wp-snapshots\tmp\20150625_devsite_558bd63818b6e3852150625102144_archive.zip
    [comment] => 
)
 
COMPRESSION RESULT: '1' 
COMPRESSED SIZE: 35.13MB 
ARCHIVE RUNTIME: 5.45 sec. 
MEMORY STACK: 36.25MB 

******************************************************************************** 
MAKE INSTALLER: 
******************************************************************************** 
Build Start 
Build Finished 
Preping for use 
Template parsed with new data 
Complete [C:/wamp/www/jimshipley.dev/wp-snapshots/tmp/20150625_devsite_558bd63818b6e3852150625102144_installer.php] 
Added to archive 

******************************************************************************** 
INTEGRITY CHECKS: 
******************************************************************************** 
SQL File: 832.02KB 
Installer File: 317.97KB 
Archive File: 35.13MB  

********************************************************************************
RECORD ID:[1]
TOTAL PROCESS RUNTIME: 7.37 sec.
PEAK PHP MEMORY USED: 38.25MB
DONE PROCESSING => 20150625_devsite 2015-06-25 10:22:25
 
